#
# There is insufficient memory for the Java Runtime Environment to continue.
# Native memory allocation (malloc) failed to allocate 1048576 bytes for AllocateHeap
# Possible reasons:
#   The system is out of physical RAM or swap space
#   In 32 bit mode, the process size limit was hit
# Possible solutions:
#   Reduce memory load on the system
#   Increase physical memory or swap space
#   Check if swap backing store is full
#   Use 64 bit Java on a 64 bit OS
#   Decrease Java heap size (-Xmx/-Xms)
#   Decrease number of Java threads
#   Decrease Java thread stack sizes (-Xss)
#   Set larger code cache with -XX:ReservedCodeCacheSize=
# This output file may be truncated or incomplete.
#
#  Out of Memory Error (memory/allocation.inline.hpp:61), pid=26640, tid=0x0000000000006540
#
# JRE version:  (8.0_152-b01) (build )
# Java VM: OpenJDK 64-Bit Server VM (25.152-b01 mixed mode windows-amd64 compressed oops)
# Failed to write core dump. Minidumps are not enabled by default on client versions of Windows
#

---------------  T H R E A D  ---------------

Current thread (0x000000000432e000):  JavaThread "Unknown thread" [_thread_in_vm, id=25920, stack(0x0000000004200000,0x0000000004300000)]

Stack: [0x0000000004200000,0x0000000004300000]
[error occurred during error reporting (printing stack bounds), id 0xc0000005]

Native frames: (J=compiled Java code, j=interpreted, Vv=VM code, C=native code)


---------------  P R O C E S S  ---------------

Java Threads: ( => current thread )

Other Threads:

=>0x000000000432e000 (exited) JavaThread "Unknown thread" [_thread_in_vm, id=25920, stack(0x0000000004200000,0x0000000004300000)]

VM state:not at safepoint (normal execution)

VM Mutex/Monitor currently owned by a thread: None

Heap:
 PSYoungGen      total 76288K, used 1310K [0x00000000eab00000, 0x00000000f0000000, 0x0000000100000000)
  eden space 65536K, 2% used [0x00000000eab00000,0x00000000eac47af0,0x00000000eeb00000)
  from space 10752K, 0% used [0x00000000ef580000,0x00000000ef580000,0x00000000f0000000)
  to   space 10752K, 0% used [0x00000000eeb00000,0x00000000eeb00000,0x00000000ef580000)
 ParOldGen       total 175104K, used 0K [0x00000000c0000000, 0x00000000cab00000, 0x00000000eab00000)
  object space 175104K, 0% used [0x00000000c0000000,0x00000000c0000000,0x00000000cab00000)
 Metaspace       used 772K, capacity 4480K, committed 4480K, reserved 1056768K
  class space    used 73K, capacity 384K, committed 384K, reserved 1048576K

Card table byte_map: [0x00000000137f0000,0x0000000013a00000] byte_map_base: 0x00000000131f0000

Marking Bits: (ParMarkBitMap*) 0x000000006cf13950
 Begin Bits: [0x0000000014360000, 0x0000000015360000)
 End Bits:   [0x0000000015360000, 0x0000000016360000)

Polling page: 0x00000000029b0000

CodeCache: size=245760Kb used=328Kb max_used=328Kb free=245431Kb
 bounds [0x0000000004430000, 0x00000000046a0000, 0x0000000013430000]
 total_blobs=57 nmethods=0 adapters=38
 compilation: enabled

Compilation events (0 events):
No events

GC Heap History (0 events):
No events

Deoptimization events (0 events):
No events

Classes redefined (0 events):
No events

Internal exceptions (0 events):
No events

Events (10 events):
Event: 0.024 loading class java/lang/Short
Event: 0.024 loading class java/lang/Short done
Event: 0.024 loading class java/lang/Integer
Event: 0.024 loading class java/lang/Integer done
Event: 0.024 loading class java/lang/Long
Event: 0.024 loading class java/lang/Long done
Event: 0.025 loading class java/lang/NullPointerException
Event: 0.025 loading class java/lang/NullPointerException done
Event: 0.025 loading class java/lang/ArithmeticException
Event: 0.025 loading class java/lang/ArithmeticException done


Dynamic libraries:
0x00007ff709820000 - 0x00007ff709851000 	C:\Program Files\Android\Android Studio\jre\bin\java.exe
0x00007ffa6b100000 - 0x00007ffa6b2e0000 	C:\WINDOWS\SYSTEM32\ntdll.dll
0x00007ffa68ab0000 - 0x00007ffa68b5e000 	C:\WINDOWS\System32\KERNEL32.DLL
0x00007ffa682f0000 - 0x00007ffa68556000 	C:\WINDOWS\System32\KERNELBASE.dll
0x00007ffa6ac20000 - 0x00007ffa6acc1000 	C:\WINDOWS\System32\ADVAPI32.dll
0x00007ffa6ae30000 - 0x00007ffa6aecd000 	C:\WINDOWS\System32\msvcrt.dll
0x00007ffa6aed0000 - 0x00007ffa6af2b000 	C:\WINDOWS\System32\sechost.dll
0x00007ffa6aa30000 - 0x00007ffa6ab4f000 	C:\WINDOWS\System32\RPCRT4.dll
0x00007ffa685e0000 - 0x00007ffa6876f000 	C:\WINDOWS\System32\USER32.dll
0x00007ffa685b0000 - 0x00007ffa685d0000 	C:\WINDOWS\System32\win32u.dll
0x00007ffa68c00000 - 0x00007ffa68c28000 	C:\WINDOWS\System32\GDI32.dll
0x00007ffa67500000 - 0x00007ffa67693000 	C:\WINDOWS\System32\gdi32full.dll
0x00007ffa67e50000 - 0x00007ffa67eeb000 	C:\WINDOWS\System32\msvcp_win.dll
0x00007ffa68020000 - 0x00007ffa68116000 	C:\WINDOWS\System32\ucrtbase.dll
0x00007ffa5b390000 - 0x00007ffa5b5f9000 	C:\WINDOWS\WinSxS\amd64_microsoft.windows.common-controls_6595b64144ccf1df_6.0.16299.192_none_15c8cdae9364c23b\COMCTL32.dll
0x00007ffa68c90000 - 0x00007ffa68f98000 	C:\WINDOWS\System32\combase.dll
0x00007ffa67fa0000 - 0x00007ffa68012000 	C:\WINDOWS\System32\bcryptPrimitives.dll
0x00007ffa6a550000 - 0x00007ffa6a57d000 	C:\WINDOWS\System32\IMM32.DLL
0x000000006d810000 - 0x000000006d8e2000 	C:\Program Files\Android\Android Studio\jre\jre\bin\msvcr100.dll
0x000000006c750000 - 0x000000006cf8e000 	C:\Program Files\Android\Android Studio\jre\jre\bin\server\jvm.dll
0x00007ffa6acd0000 - 0x00007ffa6acd8000 	C:\WINDOWS\System32\PSAPI.DLL
0x00007ffa65fb0000 - 0x00007ffa65fb9000 	C:\WINDOWS\SYSTEM32\WSOCK32.dll
0x00007ffa632a0000 - 0x00007ffa632c3000 	C:\WINDOWS\SYSTEM32\WINMM.dll
0x00007ffa5f910000 - 0x00007ffa5f91a000 	C:\WINDOWS\SYSTEM32\VERSION.dll
0x00007ffa68a20000 - 0x00007ffa68a8c000 	C:\WINDOWS\System32\WS2_32.dll
0x00007ffa63240000 - 0x00007ffa6326a000 	C:\WINDOWS\SYSTEM32\WINMMBASE.dll
0x00007ffa68560000 - 0x00007ffa685aa000 	C:\WINDOWS\System32\cfgmgr32.dll
0x00007ffa61f30000 - 0x00007ffa61f3f000 	C:\Program Files\Android\Android Studio\jre\jre\bin\verify.dll
0x00007ffa4e1e0000 - 0x00007ffa4e209000 	C:\Program Files\Android\Android Studio\jre\jre\bin\java.dll
0x00007ffa56950000 - 0x00007ffa56966000 	C:\Program Files\Android\Android Studio\jre\jre\bin\zip.dll

VM Arguments:
jvm_args: -Djava.awt.headless=true -Xmx1024M -Dfile.encoding=windows-1252 -Duser.country=IN -Duser.language=en -Duser.variant 
java_command: com.android.dx.command.Main --dex --force-jumbo --num-threads=4 --multi-dex --output D:\anagrams_starter\app\build\intermediates\transforms\dex\debug\folders\1000\5\slice_9 D:\anagrams_starter\app\build\intermediates\transforms\instantRunSlicer\debug\folders\1\5\slice_9
java_class_path (initial): C:\Users\kushal\AppData\Local\Android\sdk\build-tools\25.0.0\lib\dx.jar
Launcher Type: SUN_STANDARD

Environment Variables:
PATH=C:\ProgramData\Oracle\Java\javapath;C:\Program Files (x86)\Intel\iCLS Client\;C:\Program Files\Intel\iCLS Client\;C:\Windows\system32;C:\Windows;C:\Windows\System32\Wbem;C:\Windows\System32\WindowsPowerShell\v1.0\;C:\Program Files (x86)\NVIDIA Corporation\PhysX\Common;C:\Program Files (x86)\Intel\Intel(R) Management Engine Components\DAL;C:\Program Files\Intel\Intel(R) Management Engine Components\DAL;C:\Program Files (x86)\Intel\Intel(R) Management Engine Components\IPT;C:\Program Files\Intel\Intel(R) Management Engine Components\IPT;C:\Program Files\Intel\WiFi\bin\;C:\Program Files\Common Files\Intel\WirelessCommon\;C:\WINDOWS\system32;C:\WINDOWS;C:\WINDOWS\System32\Wbem;C:\WINDOWS\System32\WindowsPowerShell\v1.0\;C:\sqlite;D:\downloads\Git\cmd;C:\Users\kushal\AppData\Local\Programs\Python\Python36;C:\Users\kushal\AppData\Local\Programs\Python\Python36\Scripts;%USERPROFILE%\AppData\Local\Microsoft\WindowsApps;
USERNAME=kushal
OS=Windows_NT
PROCESSOR_IDENTIFIER=Intel64 Family 6 Model 94 Stepping 3, GenuineIntel



---------------  S Y S T E M  ---------------

OS: Windows 10.0 , 64 bit Build 16299 (10.0.16299.15)

CPU:total 8 (initial active 8) (4 cores per cpu, 2 threads per core) family 6 model 94 stepping 3, cmov, cx8, fxsr, mmx, sse, sse2, sse3, ssse3, sse4.1, sse4.2, popcnt, avx, avx2, aes, clmul, erms, rtm, 3dnowpref, lzcnt, ht, tsc, tscinvbit, bmi1, bmi2, adx

Memory: 4k page, physical 16647124k(2913784k free), swap 30752816k(7200k free)

vm_info: OpenJDK 64-Bit Server VM (25.152-b01) for windows-amd64 JRE (1.8.0_152-release-915-b01), built by "builder" with MS VC++ 10.0 (VS2010)

time: Wed Feb 14 23:20:22 2018
elapsed time: 0 seconds (0d 0h 0m 0s)

